#
# A fatal error has been detected by the Java Runtime Environment:
#
#  EXCEPTION_ACCESS_VIOLATION (0xc0000005) at pc=0x00007ff8a4a93f46, pid=19392, tid=21180
#
# JRE version: Java(TM) SE Runtime Environment (18.0.1.1+2) (build 18.0.1.1+2-6)
# Java VM: Java HotSpot(TM) 64-Bit Server VM (18.0.1.1+2-6, mixed mode, sharing, tiered, compressed oops, compressed class ptrs, g1 gc, windows-amd64)
# Problematic frame:
# V  [jvm.dll+0x323f46]
#
# No core dump will be written. Minidumps are not enabled by default on client versions of Windows
#
# If you would like to submit a bug report, please visit:
#   https://bugreport.java.com/bugreport/crash.jsp
#

---------------  S U M M A R Y ------------

Command Line: -XX:+ShowCodeDetailsInExceptionMessages -agentlib:jdwp=transport=dt_socket,suspend=y,address=localhost:61911 -javaagent:C:\Users\user\eclipse\jee-2023-03\eclipse\configuration\org.eclipse.osgi\424\0\.cp\lib\javaagent-shaded.jar -Dfile.encoding=UTF-8 com.example.demo.DemoApplication

Host: Intel(R) Core(TM) i7-1065G7 CPU @ 1.30GHz, 8 cores, 15G,  Windows 11 , 64 bit Build 22621 (10.0.22621.1778)
Time: Mon Jun 19 17:40:32 2023  Windows 11 , 64 bit Build 22621 (10.0.22621.1778) elapsed time: 7539.645143 seconds (0d 2h 5m 39s)

---------------  T H R E A D  ---------------

Current thread (0x000001dc2df5a040):  WorkerThread "GC Thread#0" [stack: 0x0000002944100000,0x0000002944200000] [id=21180]

Stack: [0x0000002944100000,0x0000002944200000],  sp=0x00000029441fdec0,  free space=1015k
Native frames: (J=compiled Java code, j=interpreted, Vv=VM code, C=native code)
V  [jvm.dll+0x323f46]
V  [jvm.dll+0x335c28]
V  [jvm.dll+0x2e602b]
V  [jvm.dll+0x2e5ac4]
V  [jvm.dll+0x2e5a55]
V  [jvm.dll+0x7a40e6]
V  [jvm.dll+0x7a3f79]
V  [jvm.dll+0x7a4550]
V  [jvm.dll+0x33624c]
V  [jvm.dll+0x3360e5]
V  [jvm.dll+0x33e704]
V  [jvm.dll+0x33e87b]
V  [jvm.dll+0x81fae4]
V  [jvm.dll+0x7a03ea]
V  [jvm.dll+0x697725]
C  [ucrtbase.dll+0x29363]
C  [KERNEL32.DLL+0x126ad]
C  [ntdll.dll+0x5a9f8]

JavaThread 0x000001dc5570f910 (nid = 19792) was being processed
Java frames: (J=compiled Java code, j=interpreted, Vv=VM code)
j  java.lang.invoke.DirectMethodHandle$Holder.newInvokeSpecial(Ljava/lang/Object;)Ljava/lang/Object;+15 java.base@18.0.1.1
J 9089 c2 java.lang.reflect.Constructor.newInstanceWithCaller([Ljava/lang/Object;ZLjava/lang/Class;)Ljava/lang/Object; java.base@18.0.1.1 (51 bytes) @ 0x000001dc3d8e279c [0x000001dc3d8e2320+0x000000000000047c]
J 12520 c2 org.springframework.beans.BeanUtils.instantiateClass(Ljava/lang/reflect/Constructor;[Ljava/lang/Object;)Ljava/lang/Object; (208 bytes) @ 0x000001dc3dc657f8 [0x000001dc3dc656c0+0x0000000000000138]
J 8425 c1 org.springframework.beans.factory.support.SimpleInstantiationStrategy.instantiate(Lorg/springframework/beans/factory/support/RootBeanDefinition;Ljava/lang/String;Lorg/springframework/beans/factory/BeanFactory;)Ljava/lang/Object; (123 bytes) @ 0x000001dc36c84bfc [0x000001dc36c844a0+0x000000000000075c]
J 8488 c1 org.springframework.beans.factory.support.AbstractAutowireCapableBeanFactory.instantiateBean(Ljava/lang/String;Lorg/springframework/beans/factory/support/RootBeanDefinition;)Lorg/springframework/beans/BeanWrapper; (51 bytes) @ 0x000001dc36ca6b3c [0x000001dc36ca6940+0x00000000000001fc]
J 12755 c1 org.springframework.beans.factory.support.AbstractAutowireCapableBeanFactory.createBeanInstance(Ljava/lang/String;Lorg/springframework/beans/factory/support/RootBeanDefinition;[Ljava/lang/Object;)Lorg/springframework/beans/BeanWrapper; (241 bytes) @ 0x000001dc3738f0a4 [0x000001dc3738dc80+0x0000000000001424]
J 6810 c1 org.springframework.beans.factory.support.AbstractAutowireCapableBeanFactory.doCreateBean(Ljava/lang/String;Lorg/springframework/beans/factory/support/RootBeanDefinition;[Ljava/lang/Object;)Ljava/lang/Object; (469 bytes) @ 0x000001dc36aafff4 [0x000001dc36aafa80+0x0000000000000574]
J 7916 c1 org.springframework.beans.factory.support.AbstractAutowireCapableBeanFactory.createBean(Ljava/lang/String;Lorg/springframework/beans/factory/support/RootBeanDefinition;[Ljava/lang/Object;)Ljava/lang/Object; (214 bytes) @ 0x000001dc36b47cb4 [0x000001dc36b468e0+0x00000000000013d4]
J 6892 c1 org.springframework.beans.factory.support.AbstractBeanFactory.lambda$doGetBean$0(Ljava/lang/String;Lorg/springframework/beans/factory/support/RootBeanDefinition;[Ljava/lang/Object;)Ljava/lang/Object; (18 bytes) @ 0x000001dc36737b14 [0x000001dc367379e0+0x0000000000000134]
J 6891 c1 org.springframework.beans.factory.support.AbstractBeanFactory$$Lambda$267+0x0000000800de10a8.getObject()Ljava/lang/Object; (20 bytes) @ 0x000001dc35e2b85c [0x000001dc35e2b7c0+0x000000000000009c]
J 6893 c1 org.springframework.beans.factory.support.DefaultSingletonBeanRegistry.getSingleton(Ljava/lang/String;Lorg/springframework/beans/factory/ObjectFactory;)Ljava/lang/Object; (279 bytes) @ 0x000001dc36584fd4 [0x000001dc36584840+0x0000000000000794]
J 9302 c2 org.springframework.beans.factory.support.AbstractBeanFactory.doGetBean(Ljava/lang/String;Ljava/lang/Class;[Ljava/lang/Object;Z)Ljava/lang/Object; (714 bytes) @ 0x000001dc3d93bffc [0x000001dc3d93b580+0x0000000000000a7c]
J 6362 c1 org.springframework.beans.factory.support.AbstractBeanFactory.getBean(Ljava/lang/String;)Ljava/lang/Object; (9 bytes) @ 0x000001dc369a2ee4 [0x000001dc369a2dc0+0x0000000000000124]
J 8979 c1 org.springframework.beans.factory.support.DefaultListableBeanFactory.doResolveDependency(Lorg/springframework/beans/factory/config/DependencyDescriptor;Ljava/lang/String;Ljava/util/Set;Lorg/springframework/beans/TypeConverter;)Ljava/lang/Object; (534 bytes) @ 0x000001dc36dc8c74 [0x000001dc36dc4480+0x00000000000047f4]
J 7851 c1 org.springframework.beans.factory.support.DefaultListableBeanFactory.resolveDependency(Lorg/springframework/beans/factory/config/DependencyDescriptor;Ljava/lang/String;Ljava/util/Set;Lorg/springframework/beans/TypeConverter;)Ljava/lang/Object; (115 bytes) @ 0x000001dc36b22ab4 [0x000001dc36b22280+0x0000000000000834]
j  org.springframework.beans.factory.annotation.AutowiredAnnotationBeanPostProcessor$AutowiredFieldElement.resolveFieldValue(Ljava/lang/reflect/Field;Ljava/lang/Object;Ljava/lang/String;)Ljava/lang/Object;+81
j  org.springframework.beans.factory.annotation.AutowiredAnnotationBeanPostProcessor$AutowiredFieldElement.inject(Ljava/lang/Object;Ljava/lang/String;Lorg/springframework/beans/PropertyValues;)V+53
J 12212 c2 org.springframework.beans.factory.annotation.InjectionMetadata.inject(Ljava/lang/Object;Ljava/lang/String;Lorg/springframework/beans/PropertyValues;)V (75 bytes) @ 0x000001dc3dbfedac [0x000001dc3dbfe880+0x000000000000052c]
J 8471 c1 org.springframework.beans.factory.annotation.AutowiredAnnotationBeanPostProcessor.postProcessProperties(Lorg/springframework/beans/PropertyValues;Ljava/lang/Object;Ljava/lang/String;)Lorg/springframework/beans/PropertyValues; (46 bytes) @ 0x000001dc36c9ffec [0x000001dc36c9fe60+0x000000000000018c]
J 11364 c2 org.springframework.beans.factory.support.AbstractAutowireCapableBeanFactory.populateBean(Ljava/lang/String;Lorg/springframework/beans/factory/support/RootBeanDefinition;Lorg/springframework/beans/BeanWrapper;)V (355 bytes) @ 0x000001dc3dae07a0 [0x000001dc3dae0280+0x0000000000000520]
J 6810 c1 org.springframework.beans.factory.support.AbstractAutowireCapableBeanFactory.doCreateBean(Ljava/lang/String;Lorg/springframework/beans/factory/support/RootBeanDefinition;[Ljava/lang/Object;)Ljava/lang/Object; (469 bytes) @ 0x000001dc36ab1024 [0x000001dc36aafa80+0x00000000000015a4]
J 7916 c1 org.springframework.beans.factory.support.AbstractAutowireCapableBeanFactory.createBean(Ljava/lang/String;Lorg/springframework/beans/factory/support/RootBeanDefinition;[Ljava/lang/Object;)Ljava/lang/Object; (214 bytes) @ 0x000001dc36b47cb4 [0x000001dc36b468e0+0x00000000000013d4]
J 6892 c1 org.springframework.beans.factory.support.AbstractBeanFactory.lambda$doGetBean$0(Ljava/lang/String;Lorg/springframework/beans/factory/support/RootBeanDefinition;[Ljava/lang/Object;)Ljava/lang/Object; (18 bytes) @ 0x000001dc36737b14 [0x000001dc367379e0+0x0000000000000134]
J 6891 c1 org.springframework.beans.factory.support.AbstractBeanFactory$$Lambda$267+0x0000000800de10a8.getObject()Ljava/lang/Object; (20 bytes) @ 0x000001dc35e2b85c [0x000001dc35e2b7c0+0x000000000000009c]
J 6893 c1 org.springframework.beans.factory.support.DefaultSingletonBeanRegistry.getSingleton(Ljava/lang/String;Lorg/springframework/beans/factory/ObjectFactory;)Ljava/lang/Object; (279 bytes) @ 0x000001dc36584fd4 [0x000001dc36584840+0x0000000000000794]
J 9302 c2 org.springframework.beans.factory.support.AbstractBeanFactory.doGetBean(Ljava/lang/String;Ljava/lang/Class;[Ljava/lang/Object;Z)Ljava/lang/Object; (714 bytes) @ 0x000001dc3d93bffc [0x000001dc3d93b580+0x0000000000000a7c]
J 6362 c1 org.springframework.beans.factory.support.AbstractBeanFactory.getBean(Ljava/lang/String;)Ljava/lang/Object; (9 bytes) @ 0x000001dc369a2ee4 [0x000001dc369a2dc0+0x0000000000000124]
j  org.springframework.beans.factory.support.DefaultListableBeanFactory.preInstantiateSingletons()V+152
j  org.springframework.context.support.AbstractApplicationContext.finishBeanFactoryInitialization(Lorg/springframework/beans/factory/config/ConfigurableListableBeanFactory;)V+130
j  org.springframework.context.support.AbstractApplicationContext.refresh()V+86
j  org.springframework.boot.web.servlet.context.ServletWebServerApplicationContext.refresh()V+1
j  org.springframework.boot.SpringApplication.refresh(Lorg/springframework/context/ConfigurableApplicationContext;)V+1
j  org.springframework.boot.SpringApplication.refreshContext(Lorg/springframework/context/ConfigurableApplicationContext;)V+16
j  org.springframework.boot.SpringApplication.run([Ljava/lang/String;)Lorg/springframework/context/ConfigurableApplicationContext;+101
j  org.springframework.boot.SpringApplication.run([Ljava/lang/Class;[Ljava/lang/String;)Lorg/springframework/context/ConfigurableApplicationContext;+9
j  org.springframework.boot.SpringApplication.run(Ljava/lang/Class;[Ljava/lang/String;)Lorg/springframework/context/ConfigurableApplicationContext;+9
j  com.example.demo.DemoApplication.main([Ljava/lang/String;)V+3
j  java.lang.invoke.LambdaForm$DMH+0x0000000800cad000.invokeStatic(Ljava/lang/Object;Ljava/lang/Object;)V+10 java.base@18.0.1.1
j  java.lang.invoke.LambdaForm$MH+0x00000008014dd000.invoke(Ljava/lang/Object;Ljava/lang/Object;Ljava/lang/Object;)Ljava/lang/Object;+33 java.base@18.0.1.1
J 5324 c1 java.lang.reflect.Method.invoke(Ljava/lang/Object;[Ljava/lang/Object;)Ljava/lang/Object; java.base@18.0.1.1 (108 bytes) @ 0x000001dc363c0ff4 [0x000001dc363bdea0+0x0000000000003154]
j  org.springframework.boot.devtools.restart.RestartLauncher.run()V+42
v  ~StubRoutines::call_stub

siginfo: EXCEPTION_ACCESS_VIOLATION (0xc0000005), reading address 0x00000000000000b0


Register to memory mapping:

RIP=0x00007ff8a4a93f46 jvm.dll
RAX=0x0 is NULL
RBX=0x0000000000000001 is an unknown value
RCX=0x0000000000000001 is an unknown value
RDX=0x0000000000014a30 is an unknown value
RSP=0x00000029441fdec0 points into unknown readable memory: 0x0000000000000000 | 00 00 00 00 00 00 00 00
RBP=0x0000000000000004 is an unknown value
RSI=0x00000029441fe250 points into unknown readable memory: 0x00000029461fd098 | 98 d0 1f 46 29 00 00 00
RDI=0x00000029461fd0a0 is pointing into the stack for thread: 0x000001dc5570f910
R8 =0x00000029461fd0a0 is pointing into the stack for thread: 0x000001dc5570f910
R9 =0x000000000dbd9800 is an unknown value
R10=0x00000029461fd0a0 is pointing into the stack for thread: 0x000001dc5570f910
R11=0x00000029441fe108 points into unknown readable memory: 0x00007ff8a4a55ac4 | c4 5a a5 a4 f8 7f 00 00
R12=0x000000000dbd9800 is an unknown value
R13=0x00000008006decaf is pointing into metadata
R14=0x00000029461fd0a0 is pointing into the stack for thread: 0x000001dc5570f910
R15=0x000001dc561dc880 points into unknown readable memory: 0x00007ff8a5093e00 | 00 3e 09 a5 f8 7f 00 00


Registers:
RAX=0x0000000000000000, RBX=0x0000000000000001, RCX=0x0000000000000001, RDX=0x0000000000014a30
RSP=0x00000029441fdec0, RBP=0x0000000000000004, RSI=0x00000029441fe250, RDI=0x00000029461fd0a0
R8 =0x00000029461fd0a0, R9 =0x000000000dbd9800, R10=0x00000029461fd0a0, R11=0x00000029441fe108
R12=0x000000000dbd9800, R13=0x00000008006decaf, R14=0x00000029461fd0a0, R15=0x000001dc561dc880
RIP=0x00007ff8a4a93f46, EFLAGS=0x0000000000010207

Top of Stack: (sp=0x00000029441fdec0)
0x00000029441fdec0:   0000000000000000 000001dc5bc40e70
0x00000029441fded0:   000000000000015f 00007ff8a4df79b8
0x00000029441fdee0:   000000000000015f 000001dc556e75c0
0x00000029441fdef0:   0000000000000000 00007ff8a4e81120
0x00000029441fdf00:   00000029461fd0a0 0000000000000008
0x00000029441fdf10:   000001dc55e47288 0000000000000003
0x00000029441fdf20:   0000000000000003 000001dc2ded7bf0
0x00000029441fdf30:   0000000000000000 00000029461fd0a0
0x00000029441fdf40:   00000029441fe250 00000029441fe090
0x00000029441fdf50:   000001dc580442e8 00007ff8a4aa5c28
0x00000029441fdf60:   00000029441f0000 00000029441f0100
0x00000029441fdf70:   0000000800440068 00000029461fd0a0
0x00000029441fdf80:   000001dc580442e8 00007ff8a4a5602b
0x00000029441fdf90:   0000000000000001 00000008004f5660
0x00000029441fdfa0:   000001dc580442e8 00000029441fe250
0x00000029441fdfb0:   0000000705000701 00000008000c8c30 

Instructions: (pc=0x00007ff8a4a93f46)
0x00007ff8a4a93e46:   c3 48 8b 5c 24 40 48 8b 6c 24 48 48 8b 74 24 50
0x00007ff8a4a93e56:   48 83 c4 20 41 5f 41 5e 5f c3 40 53 55 56 57 41
0x00007ff8a4a93e66:   54 41 55 41 56 41 57 48 83 ec 58 80 3d 71 ec 80
0x00007ff8a4a93e76:   00 00 49 8b f9 4d 8b f0 0f b7 da 4c 8b f9 74 16
0x00007ff8a4a93e86:   45 8b 68 08 8b 0d 20 ab 79 00 49 d3 e5 4c 03 2d
0x00007ff8a4a93e96:   0e ab 79 00 eb 04 4d 8b 68 08 49 8b d5 49 8b ce
0x00007ff8a4a93ea6:   e8 95 0e ea ff 4c 8b e0 48 89 bc 24 b8 00 00 00
0x00007ff8a4a93eb6:   33 c0 8b e8 0f b7 c3 66 c1 e8 08 66 89 84 24 a0
0x00007ff8a4a93ec6:   00 00 00 84 c0 75 3f 40 0f b6 cf f6 d1 f6 c1 01
0x00007ff8a4a93ed6:   75 05 48 8b ef eb 15 48 8d 54 24 40 48 8d 8c 24
0x00007ff8a4a93ee6:   b8 00 00 00 e8 b1 03 30 00 48 8b 28 48 c1 ed 03
0x00007ff8a4a93ef6:   83 e5 0f 41 3b af 78 01 00 00 73 0a 66 89 9c 24
0x00007ff8a4a93f06:   a8 00 00 00 eb 12 66 c7 84 24 a8 00 00 00 00 01
0x00007ff8a4a93f16:   0f b7 9c 24 a8 00 00 00 49 8b 47 08 49 8b d6 66
0x00007ff8a4a93f26:   c1 eb 08 8b 88 48 02 00 00 48 8b 80 38 02 00 00
0x00007ff8a4a93f36:   48 d3 ea 48 0f be cb 48 8b 04 d0 48 89 44 24 30
0x00007ff8a4a93f46:   44 8b 80 b0 00 00 00 49 8b 47 70 44 89 84 24 b0
0x00007ff8a4a93f56:   00 00 00 48 8b 54 c8 10 84 db 75 04 4a 8d 14 c2
0x00007ff8a4a93f66:   48 8b 0a 48 8b 71 38 48 8b 41 40 48 2b c6 48 c1
0x00007ff8a4a93f76:   e8 03 49 3b c4 72 0d 4a 8d 04 e6 48 89 41 38 48
0x00007ff8a4a93f86:   85 f6 75 3d 44 89 44 24 28 48 8d 94 24 a8 00 00
0x00007ff8a4a93f96:   00 4d 8b c6 89 6c 24 20 4d 8b cc 49 8b cf e8 87
0x00007ff8a4a93fa6:   fa ff ff 48 8b f0 48 85 c0 75 16 4d 8b cc 4c 8b
0x00007ff8a4a93fb6:   c7 49 8b d6 49 8b cf e8 3e 07 00 00 e9 69 03 00
0x00007ff8a4a93fc6:   00 48 8d 0d 32 c0 cd ff 49 83 fc 08 77 4d 42 8b
0x00007ff8a4a93fd6:   84 a1 44 43 32 00 48 03 c1 ff e0 49 8b 46 38 48
0x00007ff8a4a93fe6:   89 46 38 49 8b 46 30 48 89 46 30 49 8b 46 28 48
0x00007ff8a4a93ff6:   89 46 28 49 8b 46 20 48 89 46 20 49 8b 46 18 48
0x00007ff8a4a94006:   89 46 18 49 8b 46 10 48 89 46 10 49 8b 46 08 48
0x00007ff8a4a94016:   89 46 08 49 8b 06 48 89 06 eb 13 4e 8d 04 e5 00
0x00007ff8a4a94026:   00 00 00 49 8b d6 48 8b ce e8 3c b1 52 00 48 8b
0x00007ff8a4a94036:   ce 48 8b c7 48 83 c9 03 f0 49 0f b1 0e 48 8b d8 


Stack slot to memory mapping:
stack at sp + 0 slots: 0x0 is NULL
stack at sp + 1 slots: 0x000001dc5bc40e70 points into unknown readable memory: 0x732f67726f4c2928 | 28 29 4c 6f 72 67 2f 73
stack at sp + 2 slots: 0x000000000000015f is an unknown value
stack at sp + 3 slots: 0x00007ff8a4df79b8 jvm.dll
stack at sp + 4 slots: 0x000000000000015f is an unknown value
stack at sp + 5 slots: 0x000001dc556e75c0 points into unknown readable memory: 0x000001dc559862a0 | a0 62 98 55 dc 01 00 00
stack at sp + 6 slots: 0x0 is NULL
stack at sp + 7 slots: 0x00007ff8a4e81120 jvm.dll


---------------  P R O C E S S  ---------------

Threads class SMR info:
_java_thread_list=0x000001dc57aaed90, length=26, elements={
0x000001dc50b62160, 0x000001dc50b62b00, 0x000001dc50b7d320, 0x000001dc50b7dcc0,
0x000001dc50b7e660, 0x000001dc50b7f000, 0x000001dc50b842e0, 0x000001dc50b86650,
0x000001dc50b88a90, 0x000001dc54d137f0, 0x000001dc54e00d00, 0x000001dc54ebd630,
0x000001dc54eec680, 0x000001dc558dc3b0, 0x000001dc55ea11f0, 0x000001dc5c0b2b40,
0x000001dc5ab65df0, 0x000001dc5ab5e5a0, 0x000001dc5ab5f8e0, 0x000001dc55714610,
0x000001dc557115f0, 0x000001dc5570f910, 0x000001dc55711120, 0x000001dc55716c90,
0x000001dc55710780, 0x000001dc55712930
}

Java Threads: ( => current thread )
  0x000001dc50b62160 JavaThread "Reference Handler" daemon [_thread_blocked, id=12688, stack(0x0000002944700000,0x0000002944800000)]
  0x000001dc50b62b00 JavaThread "Finalizer" daemon [_thread_blocked, id=12016, stack(0x0000002944800000,0x0000002944900000)]
  0x000001dc50b7d320 JavaThread "Signal Dispatcher" daemon [_thread_blocked, id=21740, stack(0x0000002944900000,0x0000002944a00000)]
  0x000001dc50b7dcc0 JavaThread "Attach Listener" daemon [_thread_blocked, id=3584, stack(0x0000002944a00000,0x0000002944b00000)]
  0x000001dc50b7e660 JavaThread "Service Thread" daemon [_thread_blocked, id=18756, stack(0x0000002944b00000,0x0000002944c00000)]
  0x000001dc50b7f000 JavaThread "Monitor Deflation Thread" daemon [_thread_blocked, id=5600, stack(0x0000002944c00000,0x0000002944d00000)]
  0x000001dc50b842e0 JavaThread "C2 CompilerThread0" daemon [_thread_blocked, id=1392, stack(0x0000002944d00000,0x0000002944e00000)]
  0x000001dc50b86650 JavaThread "C1 CompilerThread0" daemon [_thread_blocked, id=7908, stack(0x0000002944e00000,0x0000002944f00000)]
  0x000001dc50b88a90 JavaThread "Sweeper thread" daemon [_thread_blocked, id=21788, stack(0x0000002944f00000,0x0000002945000000)]
  0x000001dc54d137f0 JavaThread "Common-Cleaner" daemon [_thread_blocked, id=7112, stack(0x0000002945000000,0x0000002945100000)]
  0x000001dc54e00d00 JavaThread "JDWP Transport Listener: dt_socket" daemon [_thread_blocked, id=23876, stack(0x0000002945100000,0x0000002945200000)]
  0x000001dc54ebd630 JavaThread "JDWP Event Helper Thread" daemon [_thread_blocked, id=8624, stack(0x0000002945200000,0x0000002945300000)]
  0x000001dc54eec680 JavaThread "JDWP Command Reader" daemon [_thread_in_native, id=23616, stack(0x0000002945300000,0x0000002945400000)]
  0x000001dc558dc3b0 JavaThread "Notification Thread" daemon [_thread_blocked, id=6804, stack(0x0000002945500000,0x0000002945600000)]
  0x000001dc55ea11f0 JavaThread "mysql-cj-abandoned-connection-cleanup" daemon [_thread_blocked, id=7772, stack(0x0000002946500000,0x0000002946600000)]
  0x000001dc5c0b2b40 JavaThread "Live Reload Server" daemon [_thread_in_native, id=21364, stack(0x0000002946b00000,0x0000002946c00000)]
  0x000001dc5ab65df0 JavaThread "DestroyJavaVM" [_thread_blocked, id=16504, stack(0x0000002944000000,0x0000002944100000)]
  0x000001dc5ab5e5a0 JavaThread "File Watcher" daemon [_thread_blocked, id=17452, stack(0x0000002943f00000,0x0000002944000000)]
  0x000001dc5ab5f8e0 JavaThread "File Watcher" daemon [_thread_blocked, id=9532, stack(0x0000002943e00000,0x0000002943f00000)]
  0x000001dc55714610 JavaThread "Thread-39" [_thread_blocked, id=16636, stack(0x0000002945f00000,0x0000002946000000)]
  0x000001dc557115f0 JavaThread "File Watcher" daemon [_thread_blocked, id=8016, stack(0x0000002946000000,0x0000002946100000)]
  0x000001dc5570f910 JavaThread "restartedMain" [_thread_blocked, id=19792, stack(0x0000002946100000,0x0000002946200000)]
  0x000001dc55711120 JavaThread "Catalina-utility-1" [_thread_blocked, id=21336, stack(0x0000002946400000,0x0000002946500000)]
  0x000001dc55716c90 JavaThread "Catalina-utility-2" [_thread_blocked, id=23156, stack(0x0000002946600000,0x0000002946700000)]
  0x000001dc55710780 JavaThread "container-0" [_thread_blocked, id=20540, stack(0x0000002946700000,0x0000002946800000)]
  0x000001dc55712930 JavaThread "HikariPool-10 housekeeper" daemon [_thread_blocked, id=16688, stack(0x0000002946800000,0x0000002946900000)]

Other Threads:
  0x000001dc2df73c80 VMThread "VM Thread" [stack: 0x0000002944600000,0x0000002944700000] [id=23540]
  0x000001dc55870890 WatcherThread "VM Periodic Task Thread" [stack: 0x0000002945600000,0x0000002945700000] [id=2480]
=>0x000001dc2df5a040 WorkerThread "GC Thread#0" [stack: 0x0000002944100000,0x0000002944200000] [id=21180]
  0x000001dc55a96ef0 WorkerThread "GC Thread#1" [stack: 0x0000002945700000,0x0000002945800000] [id=13552]
  0x000001dc55a97190 WorkerThread "GC Thread#2" [stack: 0x0000002945800000,0x0000002945900000] [id=21784]
  0x000001dc55a97430 WorkerThread "GC Thread#3" [stack: 0x0000002945900000,0x0000002945a00000] [id=19548]
  0x000001dc55a976d0 WorkerThread "GC Thread#4" [stack: 0x0000002945a00000,0x0000002945b00000] [id=18224]
  0x000001dc55a97970 WorkerThread "GC Thread#5" [stack: 0x0000002945b00000,0x0000002945c00000] [id=11824]
  0x000001dc55a8d7b0 WorkerThread "GC Thread#6" [stack: 0x0000002945c00000,0x0000002945d00000] [id=24336]
  0x000001dc55aa1c20 WorkerThread "GC Thread#7" [stack: 0x0000002945d00000,0x0000002945e00000] [id=20944]
  0x000001dc2df6bd70 ConcurrentGCThread "G1 Main Marker" [stack: 0x0000002944200000,0x0000002944300000] [id=12180]
  0x000001dc2df6ddb0 WorkerThread "G1 Conc#0" [stack: 0x0000002944300000,0x0000002944400000] [id=20376]
  0x000001dc57cfeb10 WorkerThread "G1 Conc#1" [stack: 0x0000002946200000,0x0000002946300000] [id=8060]
  0x000001dc50a0e560 ConcurrentGCThread "G1 Refine#0" [stack: 0x0000002944400000,0x0000002944500000] [id=21532]
  0x000001dc50a0fc30 ConcurrentGCThread "G1 Service" [stack: 0x0000002944500000,0x0000002944600000] [id=1692]

Threads with active compile tasks:

VM state: at safepoint (normal execution)

VM Mutex/Monitor currently owned by a thread:  ([mutex/lock_event])
[0x000001dc2dee96b0] Threads_lock - owner thread: 0x000001dc2df73c80
[0x000001dc2dee91a0] Heap_lock - owner thread: 0x000001dc5ab5e5a0

Heap address: 0x0000000703600000, size: 4042 MB, Compressed Oops mode: Zero based, Oop shift amount: 3

CDS archive(s) mapped at: [0x0000000800000000-0x0000000800ba0000-0x0000000800ba0000), size 12189696, SharedBaseAddress: 0x0000000800000000, ArchiveRelocationMode: 0.
Compressed class space mapped at: 0x0000000800c00000-0x0000000840c00000, reserved size: 1073741824
Narrow klass base: 0x0000000800000000, Narrow klass shift: 0, Narrow klass range: 0x100000000

GC Precious Log:
 CardTable entry size: 512
 Card Set container configuration: InlinePtr #cards 4 size 8 Array Of Cards #cards 16 size 48 Howl #buckets 8 coarsen threshold 3686 Howl Bitmap #cards 512 size 80 coarsen threshold 460 Card regions per heap region 1 cards per card region 4096
 CPUs: 8 total, 8 available
 Memory: 16161M
 Large Page Support: Disabled
 NUMA Support: Disabled
 Compressed Oops: Enabled (Zero based)
 Heap Region Size: 2M
 Heap Min Capacity: 8M
 Heap Initial Capacity: 254M
 Heap Max Capacity: 4042M
 Pre-touch: Disabled
 Parallel Workers: 8
 Concurrent Workers: 2
 Concurrent Refinement Workers: 8
 Periodic GC: Disabled

Heap:
 garbage-first heap   total 75776K, used 57442K [0x0000000703600000, 0x0000000800000000)
  region size 2048K, 15 young (30720K), 1 survivors (2048K)
 Metaspace       used 71900K, committed 72576K, reserved 1114112K
  class space    used 8909K, committed 9216K, reserved 1048576K

Heap Regions: E=young(eden), S=young(survivor), O=old, HS=humongous(starts), HC=humongous(continues), CS=collection set, F=free, OA=open archive, CA=closed archive, TAMS=top-at-mark-start (previous, next)
|   0|0x0000000703600000, 0x0000000703800000, 0x0000000703800000|100%| O|  |TAMS 0x0000000703800000, 0x0000000703600000| Untracked 
|   1|0x0000000703800000, 0x00000007039ffff0, 0x0000000703a00000| 99%| O|  |TAMS 0x00000007039ffff0, 0x0000000703800000| Untracked 
|   2|0x0000000703a00000, 0x0000000703c00000, 0x0000000703c00000|100%| O|  |TAMS 0x0000000703c00000, 0x0000000703a00000| Untracked 
|   3|0x0000000703c00000, 0x0000000703dfffe0, 0x0000000703e00000| 99%| O|  |TAMS 0x0000000703dfffe0, 0x0000000703c00000| Untracked 
|   4|0x0000000703e00000, 0x0000000703ffffd0, 0x0000000704000000| 99%| O|  |TAMS 0x0000000703ffffd0, 0x0000000703e00000| Untracked 
|   5|0x0000000704000000, 0x0000000704200000, 0x0000000704200000|100%| O|  |TAMS 0x0000000704200000, 0x0000000704000000| Untracked 
|   6|0x0000000704200000, 0x00000007043fff98, 0x0000000704400000| 99%| O|  |TAMS 0x00000007043fff98, 0x0000000704200000| Untracked 
|   7|0x0000000704400000, 0x0000000704600000, 0x0000000704600000|100%| O|  |TAMS 0x0000000704400000, 0x0000000704400000| Untracked 
|   8|0x0000000704600000, 0x00000007047fffe0, 0x0000000704800000| 99%| O|  |TAMS 0x0000000704600000, 0x0000000704600000| Untracked 
|   9|0x0000000704800000, 0x00000007049ffff8, 0x0000000704a00000| 99%| O|  |TAMS 0x00000007049ffff8, 0x0000000704800000| Untracked 
|  10|0x0000000704a00000, 0x0000000704bfffd0, 0x0000000704c00000| 99%| O|  |TAMS 0x0000000704bfffd0, 0x0000000704a00000| Untracked 
|  11|0x0000000704c00000, 0x0000000704d77ee0, 0x0000000704e00000| 73%| O|  |TAMS 0x0000000704c00000, 0x0000000704c00000| Untracked 
|  12|0x0000000704e00000, 0x0000000704ee91c0, 0x0000000705000000| 45%| O|  |TAMS 0x0000000704e00000, 0x0000000704e00000| Untracked 
|  13|0x0000000705000000, 0x0000000705200000, 0x0000000705200000|100%| O|  |TAMS 0x0000000705000000, 0x0000000705000000| Untracked 
|  14|0x0000000705200000, 0x0000000705341bb0, 0x0000000705400000| 62%| O|  |TAMS 0x0000000705200000, 0x0000000705200000| Untracked 
|  15|0x0000000705400000, 0x0000000705400000, 0x0000000705600000|  0%| F|  |TAMS 0x0000000705400000, 0x0000000705400000| Untracked 
|  16|0x0000000705600000, 0x0000000705600000, 0x0000000705800000|  0%| F|  |TAMS 0x0000000705600000, 0x0000000705600000| Untracked 
|  17|0x0000000705800000, 0x0000000705800000, 0x0000000705a00000|  0%| F|  |TAMS 0x0000000705800000, 0x0000000705800000| Untracked 
|  18|0x0000000705a00000, 0x0000000705bb7980, 0x0000000705c00000| 85%| E|CS|TAMS 0x0000000705a00000, 0x0000000705a00000| Complete 
|  19|0x0000000705c00000, 0x0000000705c00000, 0x0000000705e00000|  0%| F|  |TAMS 0x0000000705c00000, 0x0000000705c00000| Untracked 
|  20|0x0000000705e00000, 0x0000000705e00000, 0x0000000706000000|  0%| F|  |TAMS 0x0000000705e00000, 0x0000000705e00000| Untracked 
|  21|0x0000000706000000, 0x0000000706200000, 0x0000000706200000|100%| E|CS|TAMS 0x0000000706000000, 0x0000000706000000| Complete 
|  22|0x0000000706200000, 0x0000000706380098, 0x0000000706400000| 75%| S|  |TAMS 0x0000000706200000, 0x0000000706200000| Complete 
|  23|0x0000000706400000, 0x0000000706600000, 0x0000000706600000|100%| E|CS|TAMS 0x0000000706400000, 0x0000000706400000| Complete 
|  24|0x0000000706600000, 0x0000000706800000, 0x0000000706800000|100%| E|CS|TAMS 0x0000000706600000, 0x0000000706600000| Complete 
|  25|0x0000000706800000, 0x0000000706a00000, 0x0000000706a00000|100%| E|CS|TAMS 0x0000000706800000, 0x0000000706800000| Complete 
|  26|0x0000000706a00000, 0x0000000706c00000, 0x0000000706c00000|100%| E|CS|TAMS 0x0000000706a00000, 0x0000000706a00000| Complete 
|  27|0x0000000706c00000, 0x0000000706e00000, 0x0000000706e00000|100%| E|CS|TAMS 0x0000000706c00000, 0x0000000706c00000| Complete 
|  28|0x0000000706e00000, 0x0000000707000000, 0x0000000707000000|100%| E|CS|TAMS 0x0000000706e00000, 0x0000000706e00000| Complete 
|  29|0x0000000707000000, 0x0000000707200000, 0x0000000707200000|100%| E|CS|TAMS 0x0000000707000000, 0x0000000707000000| Complete 
|  30|0x0000000707200000, 0x0000000707400000, 0x0000000707400000|100%| E|CS|TAMS 0x0000000707200000, 0x0000000707200000| Complete 
|  31|0x0000000707400000, 0x0000000707600000, 0x0000000707600000|100%| E|CS|TAMS 0x0000000707400000, 0x0000000707400000| Complete 
|  32|0x0000000707600000, 0x0000000707800000, 0x0000000707800000|100%| E|CS|TAMS 0x0000000707600000, 0x0000000707600000| Complete 
|  33|0x0000000707800000, 0x0000000707a00000, 0x0000000707a00000|100%| E|CS|TAMS 0x0000000707800000, 0x0000000707800000| Complete 
|  34|0x0000000707a00000, 0x0000000707c00000, 0x0000000707c00000|100%| E|CS|TAMS 0x0000000707a00000, 0x0000000707a00000| Complete 
|  35|0x0000000707c00000, 0x0000000707e00000, 0x0000000707e00000|100%| E|CS|TAMS 0x0000000707c00000, 0x0000000707c00000| Complete 
|  36|0x0000000707e00000, 0x0000000708000000, 0x0000000708000000|100%| E|CS|TAMS 0x0000000707e00000, 0x0000000707e00000| Complete 

Card table byte_map: [0x000001dc45330000,0x000001dc45b20000] _byte_map_base: 0x000001dc41b15000

Marking Bits (Prev, Next): (CMBitMap*) 0x000001dc2df5a640, (CMBitMap*) 0x000001dc2df5a680
 Prev Bits: [0x000001dc46310000, 0x000001dc4a238000)
 Next Bits: [0x000001dc4a240000, 0x000001dc4e168000)

Polling page: 0x000001dc2c060000

Metaspace:

Usage:
  Non-class:     61.51 MB used.
      Class:      8.70 MB used.
       Both:     70.21 MB used.

Virtual space:
  Non-class space:       64.00 MB reserved,      61.88 MB ( 97%) committed,  1 nodes.
      Class space:        1.00 GB reserved,       9.00 MB ( <1%) committed,  1 nodes.
             Both:        1.06 GB reserved,      70.88 MB (  7%) committed. 

Chunk freelists:
   Non-Class:  1.52 MB
       Class:  3.00 MB
        Both:  4.52 MB

MaxMetaspaceSize: unlimited
CompressedClassSpaceSize: 1.00 GB
Initial GC threshold: 21.00 MB
Current GC threshold: 117.62 MB
CDS: on
MetaspaceReclaimPolicy: balanced
 - commit_granule_bytes: 65536.
 - commit_granule_words: 8192.
 - virtual_space_node_default_size: 8388608.
 - enlarge_chunks_in_place: 1.
 - new_chunks_are_fully_committed: 0.
 - uncommit_free_chunks: 1.
 - use_allocation_guard: 0.


Internal statistics:

num_allocs_failed_limit: 9.
num_arena_births: 1310.
num_arena_deaths: 530.
num_vsnodes_births: 2.
num_vsnodes_deaths: 0.
num_space_committed: 1137.
num_space_uncommitted: 3.
num_chunks_returned_to_freelist: 675.
num_chunks_taken_from_freelist: 4244.
num_chunk_merges: 158.
num_chunk_splits: 2676.
num_chunks_enlarged: 1952.
num_inconsistent_stats: 0.

CodeHeap 'non-profiled nmethods': size=120000Kb used=10305Kb max_used=10305Kb free=109694Kb
 bounds [0x000001dc3d2e0000, 0x000001dc3dd00000, 0x000001dc44810000]
CodeHeap 'profiled nmethods': size=120000Kb used=22993Kb max_used=22993Kb free=97006Kb
 bounds [0x000001dc35db0000, 0x000001dc37430000, 0x000001dc3d2e0000]
CodeHeap 'non-nmethods': size=5760Kb used=1443Kb max_used=1543Kb free=4316Kb
 bounds [0x000001dc35810000, 0x000001dc35a80000, 0x000001dc35db0000]
 total_blobs=11581 nmethods=10900 adapters=592
 compilation: enabled
              stopped_count=0, restarted_count=0
 full_count=0

Compilation events (20 events):
Event: 7464.667 Thread 0x000001dc50b86650 13008       3       java.util.regex.Pattern::namedGroups (25 bytes)
Event: 7464.667 Thread 0x000001dc50b86650 nmethod 13008 0x000001dc37424110 code [0x000001dc374242e0, 0x000001dc374245c8]
Event: 7464.723 Thread 0x000001dc50b86650 13009       3       sun.security.util.ECKeySizeParameterSpec::<init> (10 bytes)
Event: 7464.723 Thread 0x000001dc50b86650 nmethod 13009 0x000001dc37424710 code [0x000001dc374248a0, 0x000001dc37424a18]
Event: 7464.753 Thread 0x000001dc50b842e0 13010   !   4       javax.crypto.JceSecurity::getVerificationResult (226 bytes)
Event: 7464.755 Thread 0x000001dc50b86650 13011       3       sun.security.ssl.SSLHandshake::getHandshakeProducer (172 bytes)
Event: 7464.756 Thread 0x000001dc50b86650 nmethod 13011 0x000001dc37424b10 code [0x000001dc37424d20, 0x000001dc374256d8]
Event: 7464.759 Thread 0x000001dc50b842e0 nmethod 13010 0x000001dc3dcec410 code [0x000001dc3dcec5e0, 0x000001dc3dceca70]
Event: 7464.915 Thread 0x000001dc50b842e0 13012       4       java.net.URI$Parser::scan (53 bytes)
Event: 7464.919 Thread 0x000001dc50b842e0 nmethod 13012 0x000001dc3dcecf10 code [0x000001dc3dced0a0, 0x000001dc3dced588]
Event: 7464.972 Thread 0x000001dc50b86650 13013       3       sun.security.jca.GetInstance::getInstance (11 bytes)
Event: 7464.972 Thread 0x000001dc50b86650 nmethod 13013 0x000001dc37425a10 code [0x000001dc37425bc0, 0x000001dc37425d18]
Event: 7465.031 Thread 0x000001dc50b842e0 13014   !   4       sun.nio.ch.NioSocketImpl::tryRead (87 bytes)
Event: 7465.046 Thread 0x000001dc50b842e0 nmethod 13014 0x000001dc3dced910 code [0x000001dc3dcedb00, 0x000001dc3dcee900]
Event: 7465.047 Thread 0x000001dc50b842e0 13015       4       sun.security.ssl.Record::putInt16 (31 bytes)
Event: 7465.048 Thread 0x000001dc50b842e0 nmethod 13015 0x000001dc3dcef610 code [0x000001dc3dcef7a0, 0x000001dc3dcef978]
Event: 7475.723 Thread 0x000001dc50b842e0 13016       4       java.util.LinkedHashMap::afterNodeRemoval (65 bytes)
Event: 7475.726 Thread 0x000001dc50b842e0 nmethod 13016 0x000001dc3dcefb90 code [0x000001dc3dcefd00, 0x000001dc3dcf01f8]
Event: 7532.467 Thread 0x000001dc50b842e0 13017       4       java.util.concurrent.ScheduledThreadPoolExecutor$DelayedWorkQueue::setIndex (16 bytes)
Event: 7532.468 Thread 0x000001dc50b842e0 nmethod 13017 0x000001dc3dcf0310 code [0x000001dc3dcf0480, 0x000001dc3dcf0518]

GC Heap History (20 events):
Event: 7394.504 GC heap after
{Heap after GC invocations=63 (full 6):
 garbage-first heap   total 75776K, used 29775K [0x0000000703600000, 0x0000000800000000)
  region size 2048K, 2 young (4096K), 2 survivors (4096K)
 Metaspace       used 71318K, committed 71936K, reserved 1114112K
  class space    used 8892K, committed 9216K, reserved 1048576K
}
Event: 7415.828 GC heap before
{Heap before GC invocations=63 (full 6):
 garbage-first heap   total 75776K, used 31823K [0x0000000703600000, 0x0000000800000000)
  region size 2048K, 4 young (8192K), 2 survivors (4096K)
 Metaspace       used 71323K, committed 71936K, reserved 1114112K
  class space    used 8893K, committed 9216K, reserved 1048576K
}
Event: 7415.890 GC heap after
{Heap after GC invocations=64 (full 7):
 garbage-first heap   total 75776K, used 24714K [0x0000000703600000, 0x0000000800000000)
  region size 2048K, 0 young (0K), 0 survivors (0K)
 Metaspace       used 70927K, committed 71872K, reserved 1114112K
  class space    used 8863K, committed 9216K, reserved 1048576K
}
Event: 7416.291 GC heap before
{Heap before GC invocations=64 (full 7):
 garbage-first heap   total 75776K, used 57482K [0x0000000703600000, 0x0000000800000000)
  region size 2048K, 16 young (32768K), 0 survivors (0K)
 Metaspace       used 71039K, committed 71936K, reserved 1114112K
  class space    used 8871K, committed 9216K, reserved 1048576K
}
Event: 7416.293 GC heap after
{Heap after GC invocations=65 (full 7):
 garbage-first heap   total 75776K, used 27509K [0x0000000703600000, 0x0000000800000000)
  region size 2048K, 2 young (4096K), 2 survivors (4096K)
 Metaspace       used 71039K, committed 71936K, reserved 1114112K
  class space    used 8871K, committed 9216K, reserved 1048576K
}
Event: 7416.825 GC heap before
{Heap before GC invocations=65 (full 7):
 garbage-first heap   total 75776K, used 58229K [0x0000000703600000, 0x0000000800000000)
  region size 2048K, 17 young (34816K), 2 survivors (4096K)
 Metaspace       used 71454K, committed 72128K, reserved 1114112K
  class space    used 8892K, committed 9216K, reserved 1048576K
}
Event: 7416.827 GC heap after
{Heap after GC invocations=66 (full 7):
 garbage-first heap   total 75776K, used 29066K [0x0000000703600000, 0x0000000800000000)
  region size 2048K, 3 young (6144K), 3 survivors (6144K)
 Metaspace       used 71454K, committed 72128K, reserved 1114112K
  class space    used 8892K, committed 9216K, reserved 1048576K
}
Event: 7436.045 GC heap before
{Heap before GC invocations=66 (full 7):
 garbage-first heap   total 75776K, used 49546K [0x0000000703600000, 0x0000000800000000)
  region size 2048K, 14 young (28672K), 3 survivors (6144K)
 Metaspace       used 71505K, committed 72128K, reserved 1114112K
  class space    used 8893K, committed 9216K, reserved 1048576K
}
Event: 7436.098 GC heap after
{Heap after GC invocations=67 (full 8):
 garbage-first heap   total 75776K, used 24766K [0x0000000703600000, 0x0000000800000000)
  region size 2048K, 0 young (0K), 0 survivors (0K)
 Metaspace       used 71108K, committed 72064K, reserved 1114112K
  class space    used 8862K, committed 9216K, reserved 1048576K
}
Event: 7436.448 GC heap before
{Heap before GC invocations=67 (full 8):
 garbage-first heap   total 75776K, used 57534K [0x0000000703600000, 0x0000000800000000)
  region size 2048K, 16 young (32768K), 0 survivors (0K)
 Metaspace       used 71231K, committed 72128K, reserved 1114112K
  class space    used 8872K, committed 9216K, reserved 1048576K
}
Event: 7436.451 GC heap after
{Heap after GC invocations=68 (full 8):
 garbage-first heap   total 75776K, used 27749K [0x0000000703600000, 0x0000000800000000)
  region size 2048K, 2 young (4096K), 2 survivors (4096K)
 Metaspace       used 71231K, committed 72128K, reserved 1114112K
  class space    used 8872K, committed 9216K, reserved 1048576K
}
Event: 7436.943 GC heap before
{Heap before GC invocations=68 (full 8):
 garbage-first heap   total 75776K, used 56421K [0x0000000703600000, 0x0000000800000000)
  region size 2048K, 16 young (32768K), 2 survivors (4096K)
 Metaspace       used 71619K, committed 72320K, reserved 1114112K
  class space    used 8894K, committed 9216K, reserved 1048576K
}
Event: 7436.945 GC heap after
{Heap after GC invocations=69 (full 8):
 garbage-first heap   total 75776K, used 29132K [0x0000000703600000, 0x0000000800000000)
  region size 2048K, 1 young (2048K), 1 survivors (2048K)
 Metaspace       used 71619K, committed 72320K, reserved 1114112K
  class space    used 8894K, committed 9216K, reserved 1048576K
}
Event: 7448.008 GC heap before
{Heap before GC invocations=69 (full 8):
 garbage-first heap   total 75776K, used 51660K [0x0000000703600000, 0x0000000800000000)
  region size 2048K, 13 young (26624K), 1 survivors (2048K)
 Metaspace       used 71671K, committed 72320K, reserved 1114112K
  class space    used 8895K, committed 9216K, reserved 1048576K
}
Event: 7448.071 GC heap after
{Heap after GC invocations=70 (full 9):
 garbage-first heap   total 75776K, used 24963K [0x0000000703600000, 0x0000000800000000)
  region size 2048K, 0 young (0K), 0 survivors (0K)
 Metaspace       used 71285K, committed 72256K, reserved 1114112K
  class space    used 8865K, committed 9216K, reserved 1048576K
}
Event: 7462.148 GC heap before
{Heap before GC invocations=70 (full 9):
 garbage-first heap   total 75776K, used 57731K [0x0000000703600000, 0x0000000800000000)
  region size 2048K, 16 young (32768K), 0 survivors (0K)
 Metaspace       used 71494K, committed 72320K, reserved 1114112K
  class space    used 8886K, committed 9216K, reserved 1048576K
}
Event: 7462.150 GC heap after
{Heap after GC invocations=71 (full 9):
 garbage-first heap   total 75776K, used 27136K [0x0000000703600000, 0x0000000800000000)
  region size 2048K, 2 young (4096K), 2 survivors (4096K)
 Metaspace       used 71494K, committed 72320K, reserved 1114112K
  class space    used 8886K, committed 9216K, reserved 1048576K
}
Event: 7462.844 GC heap before
{Heap before GC invocations=71 (full 9):
 garbage-first heap   total 75776K, used 57856K [0x0000000703600000, 0x0000000800000000)
  region size 2048K, 17 young (34816K), 2 survivors (4096K)
 Metaspace       used 71655K, committed 72320K, reserved 1114112K
  class space    used 8896K, committed 9216K, reserved 1048576K
}
Event: 7462.847 GC heap after
{Heap after GC invocations=72 (full 9):
 garbage-first heap   total 75776K, used 28770K [0x0000000703600000, 0x0000000800000000)
  region size 2048K, 2 young (4096K), 2 survivors (4096K)
 Metaspace       used 71655K, committed 72320K, reserved 1114112K
  class space    used 8896K, committed 9216K, reserved 1048576K
}
Event: 7539.631 GC heap before
{Heap before GC invocations=72 (full 9):
 garbage-first heap   total 75776K, used 57442K [0x0000000703600000, 0x0000000800000000)
  region size 2048K, 16 young (32768K), 2 survivors (4096K)
 Metaspace       used 71900K, committed 72576K, reserved 1114112K
  class space    used 8909K, committed 9216K, reserved 1048576K
}

Deoptimization events (20 events):
Event: 7465.032 Thread 0x000001dc55712e00 DEOPT PACKING pc=0x000001dc37406ea4 sp=0x00000029469fdfd0
Event: 7465.032 Thread 0x000001dc55712e00 DEOPT UNPACKING pc=0x000001dc35866763 sp=0x00000029469fd4b8 mode 1
Event: 7465.032 Thread 0x000001dc55712e00 DEOPT PACKING pc=0x000001dc36de5e04 sp=0x00000029469fde00
Event: 7465.032 Thread 0x000001dc55712e00 DEOPT UNPACKING pc=0x000001dc35866763 sp=0x00000029469fd330 mode 1
Event: 7465.032 Thread 0x000001dc55712e00 DEOPT PACKING pc=0x000001dc37087ee4 sp=0x00000029469fdef0
Event: 7465.032 Thread 0x000001dc55712e00 DEOPT UNPACKING pc=0x000001dc35866763 sp=0x00000029469fd410 mode 1
Event: 7465.032 Thread 0x000001dc55712e00 DEOPT PACKING pc=0x000001dc37406ea4 sp=0x00000029469fdfd0
Event: 7465.032 Thread 0x000001dc55712e00 DEOPT UNPACKING pc=0x000001dc35866763 sp=0x00000029469fd4b8 mode 1
Event: 7465.032 Thread 0x000001dc55712e00 DEOPT PACKING pc=0x000001dc3709b59c sp=0x00000029469fe120
Event: 7465.032 Thread 0x000001dc55712e00 DEOPT UNPACKING pc=0x000001dc35866763 sp=0x00000029469fd640 mode 1
Event: 7465.032 Thread 0x000001dc55712e00 DEOPT PACKING pc=0x000001dc3709ac54 sp=0x00000029469fe210
Event: 7465.032 Thread 0x000001dc55712e00 DEOPT UNPACKING pc=0x000001dc35866763 sp=0x00000029469fd6c8 mode 1
Event: 7465.033 Thread 0x000001dc55712e00 DEOPT PACKING pc=0x000001dc36afff79 sp=0x00000029469fdd90
Event: 7465.033 Thread 0x000001dc55712e00 DEOPT UNPACKING pc=0x000001dc35866763 sp=0x00000029469fd248 mode 1
Event: 7465.033 Thread 0x000001dc55712e00 DEOPT PACKING pc=0x000001dc3709b59c sp=0x00000029469fdeb0
Event: 7465.033 Thread 0x000001dc55712e00 DEOPT UNPACKING pc=0x000001dc35866763 sp=0x00000029469fd3d0 mode 1
Event: 7465.033 Thread 0x000001dc55712e00 DEOPT PACKING pc=0x000001dc3709ac54 sp=0x00000029469fdfa0
Event: 7465.033 Thread 0x000001dc55712e00 DEOPT UNPACKING pc=0x000001dc35866763 sp=0x00000029469fd458 mode 1
Event: 7474.264 Thread 0x000001dc5570f910 DEOPT PACKING pc=0x000001dc3dcb3b58 sp=0x00000029461fd0d0
Event: 7474.264 Thread 0x000001dc5570f910 DEOPT UNPACKING pc=0x000001dc35866763 sp=0x00000029461fc558 mode 0

Classes loaded (20 events):
Event: 74.357 Loading class java/util/AbstractMap$2$1
Event: 74.357 Loading class java/util/AbstractMap$2$1 done
Event: 74.363 Loading class sun/security/ssl/Alert
Event: 74.363 Loading class sun/security/ssl/Alert done
Event: 74.363 Loading class sun/security/ssl/Alert$AlertConsumer
Event: 74.363 Loading class sun/security/ssl/Alert$AlertConsumer done
Event: 74.363 Loading class sun/security/ssl/Alert$Level
Event: 74.364 Loading class sun/security/ssl/Alert$Level done
Event: 74.416 Loading class java/lang/ref/Finalizer$2
Event: 74.416 Loading class java/lang/ref/Finalizer$2 done
Event: 74.418 Loading class java/lang/ref/Finalizer$1
Event: 74.418 Loading class java/lang/ref/Finalizer$1 done
Event: 74.507 Loading class sun/util/cldr/CLDRTimeZoneNameProviderImpl$AVAILABLE_IDS
Event: 74.507 Loading class sun/util/cldr/CLDRTimeZoneNameProviderImpl$AVAILABLE_IDS done
Event: 140.287 Loading class java/util/WeakHashMap$EntrySet
Event: 140.287 Loading class java/util/WeakHashMap$EntrySet done
Event: 140.287 Loading class java/util/WeakHashMap$EntryIterator
Event: 140.287 Loading class java/util/WeakHashMap$EntryIterator done
Event: 7311.406 Loading class java/time/DurationEditor
Event: 7311.406 Loading class java/time/DurationEditor done

Classes unloaded (20 events):
Event: 7448.036 Thread 0x000001dc2df73c80 Unloading class 0x00000008014f1730 'com/example/demo/Controller/copy/Employee$HibernateProxy$7QyTBDmo'
Event: 7448.036 Thread 0x000001dc2df73c80 Unloading class 0x00000008014f1520 'com/example/demo/trySpring/copy/SyainDto$HibernateInstantiator$jB2G5vdI'
Event: 7448.036 Thread 0x000001dc2df73c80 Unloading class 0x00000008014f1170 'com/example/demo/trySpring/copy/SyainDto$HibernateProxy$WLouJNCP'
Event: 7448.036 Thread 0x000001dc2df73c80 Unloading class 0x00000008014f0ed0 'com/example/demo/trySpring/copy/SyainDto'
Event: 7448.036 Thread 0x000001dc2df73c80 Unloading class 0x00000008014f0cb0 'com/example/demo/DemoApplication$$SpringCGLIB$$0'
Event: 7448.036 Thread 0x000001dc2df73c80 Unloading class 0x00000008014f0a90 'com/example/demo/trySpring/TEST/copy/Prefectures'
Event: 7448.036 Thread 0x000001dc2df73c80 Unloading class 0x00000008014f08a8 'com/example/demo/trySpring/TEST/copy/PrefecturesRepository'
Event: 7448.036 Thread 0x000001dc2df73c80 Unloading class 0x00000008014f0638 'com/example/demo/DTO/copy/Prefectures_Month'
Event: 7448.036 Thread 0x000001dc2df73c80 Unloading class 0x00000008014f0450 'com/example/demo/DTO/copy/PrefecturesRepository_Month'
Event: 7448.036 Thread 0x000001dc2df73c80 Unloading class 0x00000008014f0200 'com/example/demo/Controller/copy/Employee'
Event: 7448.036 Thread 0x000001dc2df73c80 Unloading class 0x00000008014e8e08 'com/example/demo/Controller/copy/EmployeeRepository'
Event: 7448.036 Thread 0x000001dc2df73c80 Unloading class 0x00000008014f0000 'com/example/demo/trySpring/TEST/copy/TestService'
Event: 7448.036 Thread 0x000001dc2df73c80 Unloading class 0x00000008014e8c00 'com/example/demo/trySpring/copy/SyainService'
Event: 7448.036 Thread 0x000001dc2df73c80 Unloading class 0x00000008014e2c40 'com/example/demo/trySpring/copy/SyainRepository'
Event: 7448.036 Thread 0x000001dc2df73c80 Unloading class 0x00000008014e2a28 'com/example/demo/trySpring/copy/HelloController'
Event: 7448.036 Thread 0x000001dc2df73c80 Unloading class 0x00000008014e2800 'com/example/demo/Syain'
Event: 7448.036 Thread 0x000001dc2df73c80 Unloading class 0x00000008014e95f8 'com/example/demo/DTO/copy/Service_Month'
Event: 7448.036 Thread 0x000001dc2df73c80 Unloading class 0x00000008014e93f8 'com/example/demo/Controller/copy/MonthController'
Event: 7448.036 Thread 0x000001dc2df73c80 Unloading class 0x00000008014e91f0 'com/example/demo/Controller/copy/LoginController'
Event: 7448.036 Thread 0x000001dc2df73c80 Unloading class 0x00000008014e9000 'com/example/demo/DemoApplication'

Classes redefined (3 events):
Event: 261.471 Thread 0x000001dc2df73c80 redefined class name=com.example.demo.trySpring.copy.SyainService, count=1
Event: 261.471 Thread 0x000001dc2df73c80 redefined class name=com.example.demo.trySpring.copy.SyainService, count=1
Event: 261.471 Thread 0x000001dc2df73c80 redefined class name=com.example.demo.trySpring.copy.SyainService, count=1

Internal exceptions (20 events):
Event: 7436.434 Thread 0x000001dc55712930 Exception <a 'java/io/FileNotFoundException'{0x000000070632cd30}> (0x000000070632cd30) 
thrown [s\open\src\hotspot\share\prims\jni.cpp, line 516]
Event: 7447.699 Thread 0x000001dc55713c70 Exception <a 'java/lang/InterruptedException'{0x000000070690c338}: sleep interrupted> (0x000000070690c338) 
thrown [s\open\src\hotspot\share\prims\jvm.cpp, line 3083]
Event: 7448.085 Thread 0x000001dc55710c50 Exception <a 'sun/nio/fs/WindowsException'{0x0000000707e76b60}> (0x0000000707e76b60) 
thrown [s\open\src\hotspot\share\prims\jni.cpp, line 516]
Event: 7448.317 Thread 0x000001dc55710c50 Implicit null exception at 0x000001dc3d33f2f2 to 0x000001dc3d33f9a8
Event: 7448.317 Thread 0x000001dc55710c50 Implicit null exception at 0x000001dc3d340d72 to 0x000001dc3d3413f8
Event: 7448.328 Thread 0x000001dc55710c50 Exception <a 'java/lang/NoClassDefFoundError'{0x0000000706d281a8}: liquibase/exception/ChangeLogParseException> (0x0000000706d281a8) 
thrown [s\open\src\hotspot\share\classfile\systemDictionary.cpp, line 244]
Event: 7448.330 Thread 0x000001dc55710c50 Implicit null exception at 0x000001dc3d38b414 to 0x000001dc3d3905cc
Event: 7462.034 Thread 0x000001dc5570f910 Exception <a 'sun/nio/fs/WindowsException'{0x0000000706b91d20}> (0x0000000706b91d20) 
thrown [s\open\src\hotspot\share\prims\jni.cpp, line 516]
Event: 7462.285 Thread 0x000001dc5570f910 Exception <a 'java/lang/NoClassDefFoundError'{0x0000000707428bb8}: org/flywaydb/core/Flyway> (0x0000000707428bb8) 
thrown [s\open\src\hotspot\share\oops\constantPool.cpp, line 836]
Event: 7462.364 Thread 0x000001dc5570f910 Exception <a 'java/lang/NoClassDefFoundError'{0x0000000707429208}: liquibase/integration/spring/SpringLiquibase> (0x0000000707429208) 
thrown [s\open\src\hotspot\share\oops\constantPool.cpp, line 836]
Event: 7462.368 Thread 0x000001dc5570f910 Exception <a 'java/lang/NoClassDefFoundError'{0x0000000707475f98}: org/jooq/DSLContext> (0x0000000707475f98) 
thrown [s\open\src\hotspot\share\oops\constantPool.cpp, line 836]
Event: 7462.369 Thread 0x000001dc5570f910 Exception <a 'java/lang/NoClassDefFoundError'{0x000000070747fb88}: org/springframework/batch/core/repository/JobRepository> (0x000000070747fb88) 
thrown [s\open\src\hotspot\share\oops\constantPool.cpp, line 836]
Event: 7462.370 Thread 0x000001dc5570f910 Exception <a 'java/lang/NoClassDefFoundError'{0x00000007074801d0}: org/quartz/Scheduler> (0x00000007074801d0) 
thrown [s\open\src\hotspot\share\oops\constantPool.cpp, line 836]
Event: 7462.370 Thread 0x000001dc5570f910 Exception <a 'java/lang/NoClassDefFoundError'{0x0000000707480840}: org/springframework/session/jdbc/JdbcIndexedSessionRepository> (0x0000000707480840) 
thrown [s\open\src\hotspot\share\oops\constantPool.cpp, line 836]
Event: 7462.398 Thread 0x000001dc5570f910 Exception <a 'sun/nio/fs/WindowsException'{0x0000000706e51ab0}> (0x0000000706e51ab0) 
thrown [s\open\src\hotspot\share\prims\jni.cpp, line 516]
Event: 7462.398 Thread 0x000001dc5570f910 Exception <a 'sun/nio/fs/WindowsException'{0x0000000706e520b8}> (0x0000000706e520b8) 
thrown [s\open\src\hotspot\share\prims\jni.cpp, line 516]
Event: 7462.398 Thread 0x000001dc5570f910 Exception <a 'sun/nio/fs/WindowsException'{0x0000000706e52790}> (0x0000000706e52790) 
thrown [s\open\src\hotspot\share\prims\jni.cpp, line 516]
Event: 7462.406 Thread 0x000001dc5570f910 Exception <a 'java/io/FileNotFoundException'{0x0000000706e85f48}> (0x0000000706e85f48) 
thrown [s\open\src\hotspot\share\prims\jni.cpp, line 516]
Event: 7462.423 Thread 0x000001dc5570f910 Exception <a 'java/io/FileNotFoundException'{0x0000000706c2a158}> (0x0000000706c2a158) 
thrown [s\open\src\hotspot\share\prims\jni.cpp, line 516]
Event: 7463.922 Thread 0x000001dc55712e00 Implicit null exception at 0x000001dc3dc6fc9c to 0x000001dc3dc70208

VM Operations (20 events):
Event: 7463.148 Executing VM operation: GetObjectMonitorUsage done
Event: 7463.149 Executing VM operation: GetObjectMonitorUsage
Event: 7463.149 Executing VM operation: GetObjectMonitorUsage done
Event: 7463.149 Executing VM operation: GetObjectMonitorUsage
Event: 7463.149 Executing VM operation: GetObjectMonitorUsage done
Event: 7463.151 Executing VM operation: get/set locals
Event: 7463.152 Executing VM operation: get/set locals done
Event: 7463.152 Executing VM operation: get/set locals
Event: 7463.153 Executing VM operation: get/set locals done
Event: 7463.154 Executing VM operation: get/set locals
Event: 7463.154 Executing VM operation: get/set locals done
Event: 7464.167 Executing VM operation: Cleanup
Event: 7464.167 Executing VM operation: Cleanup done
Event: 7465.179 Executing VM operation: Cleanup
Event: 7465.179 Executing VM operation: Cleanup done
Event: 7474.264 Executing VM operation: ChangeSingleStep
Event: 7474.264 Executing VM operation: ChangeSingleStep done
Event: 7474.264 Executing VM operation: ChangeSingleStep
Event: 7474.264 Executing VM operation: ChangeSingleStep done
Event: 7539.630 Executing VM operation: G1CollectForAllocation

Events (20 events):
Event: 7448.073 Thread 0x000001dc55710c50 Thread added: 0x000001dc55710c50
Event: 7448.113 Thread 0x000001dc55713c70 Thread added: 0x000001dc55713c70
Event: 7448.161 Thread 0x000001dc55713c70 Thread exited: 0x000001dc55713c70
Event: 7448.249 Thread 0x000001dc5c6f2fa0 Thread added: 0x000001dc5c6f2fa0
Event: 7448.331 Thread 0x000001dc55710c50 Thread exited: 0x000001dc55710c50
Event: 7448.332 Thread 0x000001dc557115f0 Thread added: 0x000001dc557115f0
Event: 7453.417 Thread 0x000001dc5c6f2fa0 Thread exited: 0x000001dc5c6f2fa0
Event: 7462.023 Thread 0x000001dc5570f910 Thread added: 0x000001dc5570f910
Event: 7462.064 Thread 0x000001dc55714fb0 Thread added: 0x000001dc55714fb0
Event: 7462.096 Thread 0x000001dc55714fb0 Thread exited: 0x000001dc55714fb0
Event: 7462.177 Thread 0x000001dc5c6f7680 Thread added: 0x000001dc5c6f7680
Event: 7462.424 Thread 0x000001dc55711120 Thread added: 0x000001dc55711120
Event: 7462.424 Thread 0x000001dc55716c90 Thread added: 0x000001dc55716c90
Event: 7462.424 Thread 0x000001dc55710780 Thread added: 0x000001dc55710780
Event: 7462.744 Thread 0x000001dc55712930 Thread added: 0x000001dc55712930
Event: 7462.749 Thread 0x000001dc5c6f7680 Thread exited: 0x000001dc5c6f7680
Event: 7462.820 Thread 0x000001dc5c6f7680 Thread added: 0x000001dc5c6f7680
Event: 7462.853 Thread 0x000001dc55712e00 Thread added: 0x000001dc55712e00
Event: 7463.106 Thread 0x000001dc5c6f7680 Thread exited: 0x000001dc5c6f7680
Event: 7470.233 Thread 0x000001dc55712e00 Thread exited: 0x000001dc55712e00


Dynamic libraries:
0x00007ff7805f0000 - 0x00007ff780600000 	C:\Program Files\Java\jdk-18.0.1.1\bin\javaw.exe
0x00007ff93e2b0000 - 0x00007ff93e4c4000 	C:\WINDOWS\SYSTEM32\ntdll.dll
0x00007ff93c0f0000 - 0x00007ff93c1b2000 	C:\WINDOWS\System32\KERNEL32.DLL
0x00007ff93b7c0000 - 0x00007ff93bb63000 	C:\WINDOWS\System32\KERNELBASE.dll
0x00007ff93bb70000 - 0x00007ff93bc81000 	C:\WINDOWS\System32\ucrtbase.dll
0x00007ff92a060000 - 0x00007ff92a078000 	C:\Program Files\Java\jdk-18.0.1.1\bin\jli.dll
0x00007ff93c4b0000 - 0x00007ff93c55e000 	C:\WINDOWS\System32\ADVAPI32.dll
0x00007ff93c560000 - 0x00007ff93c607000 	C:\WINDOWS\System32\msvcrt.dll
0x00007ff93c9a0000 - 0x00007ff93ca44000 	C:\WINDOWS\System32\sechost.dll
0x00007ff93cb20000 - 0x00007ff93cc37000 	C:\WINDOWS\System32\RPCRT4.dll
0x00007ff93d270000 - 0x00007ff93d41b000 	C:\WINDOWS\System32\USER32.dll
0x00007ff93c060000 - 0x00007ff93c086000 	C:\WINDOWS\System32\win32u.dll
0x00007ff93d240000 - 0x00007ff93d269000 	C:\WINDOWS\System32\GDI32.dll
0x00007ff93bc90000 - 0x00007ff93bda9000 	C:\WINDOWS\System32\gdi32full.dll
0x00007ff93b720000 - 0x00007ff93b7ba000 	C:\WINDOWS\System32\msvcp_win.dll
0x00007ff926ed0000 - 0x00007ff92715e000 	C:\WINDOWS\WinSxS\amd64_microsoft.windows.common-controls_6595b64144ccf1df_6.0.22621.1635_none_270f70857386168e\COMCTL32.dll
0x00007ff9324a0000 - 0x00007ff9324aa000 	C:\WINDOWS\SYSTEM32\VERSION.dll
0x00007ff933360000 - 0x00007ff93337a000 	C:\Program Files\Java\jdk-18.0.1.1\bin\VCRUNTIME140.dll
0x00007ff93d930000 - 0x00007ff93d961000 	C:\WINDOWS\System32\IMM32.DLL
0x00007ff933500000 - 0x00007ff93350c000 	C:\Program Files\Java\jdk-18.0.1.1\bin\vcruntime140_1.dll
0x00007ff92de10000 - 0x00007ff92de9d000 	C:\Program Files\Java\jdk-18.0.1.1\bin\msvcp140.dll
0x00007ff8a4770000 - 0x00007ff8a5380000 	C:\Program Files\Java\jdk-18.0.1.1\bin\server\jvm.dll
0x00007ff93d980000 - 0x00007ff93d988000 	C:\WINDOWS\System32\PSAPI.DLL
0x00007ff932680000 - 0x00007ff9326b4000 	C:\WINDOWS\SYSTEM32\WINMM.dll
0x00007ff9326f0000 - 0x00007ff9326f9000 	C:\WINDOWS\SYSTEM32\WSOCK32.dll
0x00007ff93caa0000 - 0x00007ff93cb11000 	C:\WINDOWS\System32\WS2_32.dll
0x00007ff93a7f0000 - 0x00007ff93a808000 	C:\WINDOWS\SYSTEM32\kernel.appcore.dll
0x00007ff92dfd0000 - 0x00007ff92dfda000 	C:\Program Files\Java\jdk-18.0.1.1\bin\jimage.dll
0x00007ff936040000 - 0x00007ff93626e000 	C:\WINDOWS\SYSTEM32\DBGHELP.DLL
0x00007ff93c610000 - 0x00007ff93c999000 	C:\WINDOWS\System32\combase.dll
0x00007ff93e190000 - 0x00007ff93e267000 	C:\WINDOWS\System32\OLEAUT32.dll
0x00007ff92d2f0000 - 0x00007ff92d322000 	C:\WINDOWS\SYSTEM32\dbgcore.DLL
0x00007ff93bdb0000 - 0x00007ff93be2b000 	C:\WINDOWS\System32\bcryptPrimitives.dll
0x00007ff92e2d0000 - 0x00007ff92e30b000 	C:\Program Files\Java\jdk-18.0.1.1\bin\jdwp.dll
0x00007ff92ce50000 - 0x00007ff92ce5e000 	C:\Program Files\Java\jdk-18.0.1.1\bin\instrument.dll
0x00007ff929cb0000 - 0x00007ff929cd5000 	C:\Program Files\Java\jdk-18.0.1.1\bin\java.dll
0x00007ff91f030000 - 0x00007ff91f106000 	C:\Program Files\Java\jdk-18.0.1.1\bin\jsvml.dll
0x00007ff93d990000 - 0x00007ff93e18a000 	C:\WINDOWS\System32\SHELL32.dll
0x00007ff939540000 - 0x00007ff939e0e000 	C:\WINDOWS\SYSTEM32\windows.storage.dll
0x00007ff939e40000 - 0x00007ff939f7e000 	C:\WINDOWS\SYSTEM32\wintypes.dll
0x00007ff93c3b0000 - 0x00007ff93c4a1000 	C:\WINDOWS\System32\SHCORE.dll
0x00007ff93d840000 - 0x00007ff93d89e000 	C:\WINDOWS\System32\shlwapi.dll
0x00007ff93b5e0000 - 0x00007ff93b601000 	C:\WINDOWS\SYSTEM32\profapi.dll
0x00007ff9333c0000 - 0x00007ff9333cc000 	C:\Program Files\Java\jdk-18.0.1.1\bin\dt_socket.dll
0x00007ff93a250000 - 0x00007ff93a27d000 	C:\WINDOWS\SYSTEM32\IPHLPAPI.DLL
0x00007ff93ac60000 - 0x00007ff93acc9000 	C:\WINDOWS\system32\mswsock.dll
0x00007ff93a2c0000 - 0x00007ff93a3b3000 	C:\WINDOWS\SYSTEM32\DNSAPI.dll
0x00007ff93d550000 - 0x00007ff93d559000 	C:\WINDOWS\System32\NSI.dll
0x00007ff92d270000 - 0x00007ff92d27a000 	C:\Windows\System32\rasadhlp.dll
0x00007ff932570000 - 0x00007ff9325f4000 	C:\WINDOWS\System32\fwpuclnt.dll
0x00007ff929900000 - 0x00007ff929918000 	C:\Program Files\Java\jdk-18.0.1.1\bin\zip.dll
0x00007ff923450000 - 0x00007ff923463000 	C:\Program Files\Java\jdk-18.0.1.1\bin\net.dll
0x00007ff932e40000 - 0x00007ff932f77000 	C:\WINDOWS\SYSTEM32\WINHTTP.dll
0x00007ff921970000 - 0x00007ff921986000 	C:\Program Files\Java\jdk-18.0.1.1\bin\nio.dll
0x00007ff933350000 - 0x00007ff933360000 	C:\Program Files\Java\jdk-18.0.1.1\bin\verify.dll
0x00007ff92bef0000 - 0x00007ff92bef9000 	C:\Program Files\Java\jdk-18.0.1.1\bin\management.dll
0x00007ff92bbf0000 - 0x00007ff92bbfb000 	C:\Program Files\Java\jdk-18.0.1.1\bin\management_ext.dll
0x00007ff93aec0000 - 0x00007ff93aedb000 	C:\WINDOWS\SYSTEM32\CRYPTSP.dll
0x00007ff93a760000 - 0x00007ff93a795000 	C:\WINDOWS\system32\rsaenh.dll
0x00007ff93ad60000 - 0x00007ff93ad88000 	C:\WINDOWS\SYSTEM32\USERENV.dll
0x00007ff93b080000 - 0x00007ff93b0a8000 	C:\WINDOWS\SYSTEM32\bcrypt.dll
0x00007ff93aee0000 - 0x00007ff93aeec000 	C:\WINDOWS\SYSTEM32\CRYPTBASE.dll
0x00007ff932e20000 - 0x00007ff932e39000 	C:\WINDOWS\SYSTEM32\dhcpcsvc6.DLL
0x00007ff932e00000 - 0x00007ff932e1f000 	C:\WINDOWS\SYSTEM32\dhcpcsvc.DLL
0x00007ff92ce40000 - 0x00007ff92ce4e000 	C:\Program Files\Java\jdk-18.0.1.1\bin\sunmscapi.dll
0x00007ff93be30000 - 0x00007ff93bf97000 	C:\WINDOWS\System32\CRYPT32.dll
0x00007ff93b050000 - 0x00007ff93b07e000 	C:\WINDOWS\SYSTEM32\ncrypt.dll
0x00007ff93b010000 - 0x00007ff93b047000 	C:\WINDOWS\SYSTEM32\NTASN1.dll

dbghelp: loaded successfully - version: 4.0.5 - missing functions: none
symbol engine: initialized successfully - sym options: 0x614 - pdb path: .;C:\Program Files\Java\jdk-18.0.1.1\bin;C:\WINDOWS\SYSTEM32;C:\WINDOWS\WinSxS\amd64_microsoft.windows.common-controls_6595b64144ccf1df_6.0.22621.1635_none_270f70857386168e;C:\Program Files\Java\jdk-18.0.1.1\bin\server

VM Arguments:
jvm_args: -XX:+ShowCodeDetailsInExceptionMessages -agentlib:jdwp=transport=dt_socket,suspend=y,address=localhost:61911 -javaagent:C:\Users\user\eclipse\jee-2023-03\eclipse\configuration\org.eclipse.osgi\424\0\.cp\lib\javaagent-shaded.jar -Dfile.encoding=UTF-8 
java_command: com.example.demo.DemoApplication
java_class_path (initial): C:\Users\user\Desktop\demo\target\classes;C:\Users\user\.m2\repository\org\springframework\boot\spring-boot-starter-thymeleaf\3.1.0\spring-boot-starter-thymeleaf-3.1.0.jar;C:\Users\user\.m2\repository\org\springframework\boot\spring-boot-starter\3.1.0\spring-boot-starter-3.1.0.jar;C:\Users\user\.m2\repository\org\springframework\boot\spring-boot-starter-logging\3.1.0\spring-boot-starter-logging-3.1.0.jar;C:\Users\user\.m2\repository\ch\qos\logback\logback-classic\1.4.7\logback-classic-1.4.7.jar;C:\Users\user\.m2\repository\ch\qos\logback\logback-core\1.4.7\logback-core-1.4.7.jar;C:\Users\user\.m2\repository\org\apache\logging\log4j\log4j-to-slf4j\2.20.0\log4j-to-slf4j-2.20.0.jar;C:\Users\user\.m2\repository\org\apache\logging\log4j\log4j-api\2.20.0\log4j-api-2.20.0.jar;C:\Users\user\.m2\repository\org\slf4j\jul-to-slf4j\2.0.7\jul-to-slf4j-2.0.7.jar;C:\Users\user\.m2\repository\jakarta\annotation\jakarta.annotation-api\2.1.1\jakarta.annotation-api-2.1.1.jar;C:\Users\user\.m2\repository\org\yaml\snakeyaml\1.33\snakeyaml-1.33.jar;C:\Users\user\.m2\repository\org\thymeleaf\thymeleaf-spring6\3.1.1.RELEASE\thymeleaf-spring6-3.1.1.RELEASE.jar;C:\Users\user\.m2\repository\org\thymeleaf\thymeleaf\3.1.1.RELEASE\thymeleaf-3.1.1.RELEASE.jar;C:\Users\user\.m2\repository\org\attoparser\attoparser\2.0.6.RELEASE\attoparser-2.0.6.RELEASE.jar;C:\Users\user\.m2\repository\org\unbescape\unbescape\1.1.6.RELEASE\unbescape-1.1.6.RELEASE.jar;C:\Users\user\.m2\repository\org\slf4j\slf4j-api\2.0.7\slf4j-api-2.0.7.jar;C:\Users\user\.m2\repository\org\springframework\boot\spring-boot-starter-web\3.1.0\spring-boot-starter-web-3.1.0.jar;C:\Users\user\.m2\repository\org\springframework\boot\spring-boot-starter-json\3.1.0\spring-boot-starter-json-3.1.0.jar;C:\Users\user\.m2\repository\com\fasterxml\jackson\core\jackson-databind\2.15.0\jackson-databind-2.15.0.jar;C:\Users\user\.m2\repository\com\fasterxml\jackson\core\jackson-annotations\2.15.0\jackson-annotations-2.15.0.jar;C:\Users\user\.m2\repository\com\fasterxml\jackson\core\jackson-core\2.15.0\jackson-core-2.15.0.jar;C:\Users\user\.m2\repository\com\fasterxml\jackson\datatype\jackson-datatype-jdk8\2.15.0\jackson-datatype-jdk8-2.15.0.jar;C:\Users\user\.m2\repository\com\fasterxml\jackson\datatype\jackson-datatype-jsr310\2.15.0\jackson-datatype-jsr310-2.15.0.jar;C:\Users\user\.m2\repository\com\fasterxml\jackson\module\jackson-module-parameter-names\2.15.0\jackson-module-parameter-names-2.15.0.jar;C:\Users\user\.m2\repository\org\springframework\boot\spring-boot-starter-tomcat\3.1.0\spring-boot-starter-tomcat-3.1.0.jar;C:\Users\user\.m2\repository\org\apache\tomcat\embed\tomcat-embed-core\10.1.8\tomcat-embed-core-10.1.8.jar;C:\Users\user\.m2\repository\org\apache\tomcat\embed\tomcat-embed-websocket\10.1.8\tomcat-embed-websocket-10.1.8.jar;C:\Users\user\.m2\repository\org\springframework\spring-web\6.0.9\spring-web-6.0.9.jar;C:\Users\user\.m2\repository\org\springframework\spring-beans\6.0.9\spring-beans-6.0.9.jar;C:\Users\user\.m2\repository\io\micrometer\micrometer-observation\1.11.0\micrometer-observation-1.11.0.jar;C:\Users\user\.m2\repository\io\micrometer\micrometer-commons\1.11.0\micrometer-commons-1.11.0.jar;C:\Users\user\.m2\repository\org\springframework\spring-webmvc\6.0.9\spring-webmvc-6.0.9.jar;C:\Users\user\.m2\repository\org\springframework\spring-aop\6.0.9\spring-aop-6.0.9.jar;C:\Users\user\.m2\repository\org\springframework\spring-context\6.0.9\spring-context-6.0.9.jar;C:\Users\user\.m2\repository\org\springframework\spring-expression\6.0.9\spring-expression-6.0.9.jar;C:\Users\user\.m2\repository\org\mybatis\spring\boot\mybatis-spring-boot-starter\3.0.2\mybatis-spring-boot-starter-3.0.2.jar;C:\Users\user\.m2\repository\org\springframework\boot\spring-boot-starter-jdbc\3.1.0\spring-boot-starter-jdbc-3.1.0.jar;C:\Users\user\.m2\repository\com\zaxxer\HikariCP\5.0.1\HikariCP-5.0.1.jar;C:\Users\user\.m2\repository\org\springframework\spring-jdbc\6.0.9\spring-jdbc-6.0.9.jar;C:\Users\user\.m2\repository\org\mybatis\spring\boot\mybatis-spring-boot-autoconfigure\3.0.2\mybatis-spring-boot-autoconfigure-3.0.2.jar;C:\Users\user\.m2\repository\org\mybatis\mybatis\3.5.13\mybatis-3.5.13.jar;C:\Users\user\.m2\repository\org\mybatis\mybatis-spring\3.0.2\mybatis-spring-3.0.2.jar;C:\Users\user\.m2\repository\org\webjars\jquery\3.5.1\jquery-3.5.1.jar;C:\Users\user\.m2\repository\org\springframework\boot\spring-boot-devtools\3.1.0\spring-boot-devtools-3.1.0.jar;C:\Users\user\.m2\repository\org\springframework\boot\spring-boot\3.1.0\spring-boot-3.1.0.jar;C:\Users\user\.m2\repository\org\springframework\boot\spring-boot-autoconfigure\3.1.0\spring-boot-autoconfigure-3.1.0.jar;C:\Users\user\.m2\repository\com\mysql\mysql-connector-j\8.0.33\mysql-connector-j-8.0.33.jar;C:\Users\user\.m2\repository\org\projectlombok\lombok\1.18.26\lombok-1.18.26.jar;C:\Users\user\.m2\repository\jakarta\xml\bind\jakarta.xml.bind-api\4.0.0\jakarta.xml.bind-api-4.0.0.jar;C:\Users\user\.m2\repository\jakarta\activation\jakarta.activation-api\2.1.2\jakarta.activation-api-2.1.2.jar;C:\Users\user\.m2\repository\net\bytebuddy\byte-buddy\1.14.4\byte-buddy-1.14.4.jar;C:\Users\user\.m2\repository\org\springframework\spring-core\6.0.9\spring-core-6.0.9.jar;C:\Users\user\.m2\repository\org\springframework\spring-jcl\6.0.9\spring-jcl-6.0.9.jar;C:\Users\user\.m2\repository\org\springframework\boot\spring-boot-starter-data-jpa\3.1.0\spring-boot-starter-data-jpa-3.1.0.jar;C:\Users\user\.m2\repository\org\springframework\boot\spring-boot-starter-aop\3.1.0\spring-boot-starter-aop-3.1.0.jar;C:\Users\user\.m2\repository\org\aspectj\aspectjweaver\1.9.19\aspectjweaver-1.9.19.jar;C:\Users\user\.m2\repository\org\hibernate\orm\hibernate-core\6.2.2.Final\hibernate-core-6.2.2.Final.jar;C:\Users\user\.m2\repository\jakarta\persistence\jakarta.persistence-api\3.1.0\jakarta.persistence-api-3.1.0.jar;C:\Users\user\.m2\repository\jakarta\transaction\jakarta.transaction-api\2.0.1\jakarta.transaction-api-2.0.1.jar;C:\Users\user\.m2\repository\org\jboss\logging\jboss-logging\3.5.0.Final\jboss-logging-3.5.0.Final.jar;C:\Users\user\.m2\repository\org\hibernate\common\hibernate-commons-annotations\6.0.6.Final\hibernate-commons-annotations-6.0.6.Final.jar;C:\Users\user\.m2\repository\io\smallrye\jandex\3.0.5\jandex-3.0.5.jar;C:\Users\user\.m2\repository\com\fasterxml\classmate\1.5.1\classmate-1.5.1.jar;C:\Users\user\.m2\repository\org\glassfish\jaxb\jaxb-runtime\4.0.2\jaxb-runtime-4.0.2.jar;C:\Users\user\.m2\repository\org\glassfish\jaxb\jaxb-core\4.0.2\jaxb-core-4.0.2.jar;C:\Users\user\.m2\repository\org\eclipse\angus\angus-activation\2.0.0\angus-activation-2.0.0.jar;C:\Users\user\.m2\repository\org\glassfish\jaxb\txw2\4.0.2\txw2-4.0.2.jar;C:\Users\user\.m2\repository\com\sun\istack\istack-commons-runtime\4.1.1\istack-commons-runtime-4.1.1.jar;C:\Users\user\.m2\repository\jakarta\inject\jakarta.inject-api\2.0.1\jakarta.inject-api-2.0.1.jar;C:\Users\user\.m2\repository\org\antlr\antlr4-runtime\4.10.1\antlr4-runtime-4.10.1.jar;C:\Users\user\.m2\repository\org\springframework\data\spring-data-jpa\3.1.0\spring-data-jpa-3.1.0.jar;C:\Users\user\.m2\repository\org\springframework\data\spring-data-commons\3.1.0\spring-data-commons-3.1.0.jar;C:\Users\user\.m2\repository\org\springframework\spring-orm\6.0.9\spring-orm-6.0.9.jar;C:\Users\user\.m2\repository\org\springframework\spring-tx\6.0.9\spring-tx-6.0.9.jar;C:\Users\user\.m2\repository\org\springframework\spring-aspects\6.0.9\spring-aspects-6.0.9.jar;C:\Users\user\.m2\repository\org\springframework\boot\spring-boot-starter-validation\3.1.0\spring-boot-starter-validation-3.1.0.jar;C:\Users\user\.m2\repository\org\apache\tomcat\embed\tomcat-embed-el\10.1.8\tomcat-embed-el-10.1.8.jar;C:\Users\user\.m2\repository\org\hibernate\validator\hibernate-validator\8.0.0.Final\hibernate-validator-8.0.0.Final.jar;C:\Users\user\.m2\repository\jakarta\validation\jakarta.validation-api\3.0.2\jakarta.validation-api-3.0.2.jar
Launcher Type: SUN_STANDARD

[Global flags]
     intx CICompilerCount                          = 4                                         {product} {ergonomic}
     uint ConcGCThreads                            = 2                                         {product} {ergonomic}
     uint G1ConcRefinementThreads                  = 8                                         {product} {ergonomic}
   size_t G1HeapRegionSize                         = 2097152                                   {product} {ergonomic}
    uintx GCDrainStackTargetSize                   = 64                                        {product} {ergonomic}
   size_t InitialHeapSize                          = 266338304                                 {product} {ergonomic}
   size_t MarkStackSize                            = 4194304                                   {product} {ergonomic}
   size_t MaxHeapSize                              = 4238344192                                {product} {ergonomic}
   size_t MaxNewSize                               = 2541748224                                {product} {ergonomic}
   size_t MinHeapDeltaBytes                        = 2097152                                   {product} {ergonomic}
   size_t MinHeapSize                              = 8388608                                   {product} {ergonomic}
    uintx NonNMethodCodeHeapSize                   = 5839372                                {pd product} {ergonomic}
    uintx NonProfiledCodeHeapSize                  = 122909434                              {pd product} {ergonomic}
    uintx ProfiledCodeHeapSize                     = 122909434                              {pd product} {ergonomic}
    uintx ReservedCodeCacheSize                    = 251658240                              {pd product} {ergonomic}
     bool SegmentedCodeCache                       = true                                      {product} {ergonomic}
     bool ShowCodeDetailsInExceptionMessages       = true                                   {manageable} {command line}
   size_t SoftMaxHeapSize                          = 4238344192                             {manageable} {ergonomic}
     bool UseCompressedClassPointers               = true                           {product lp64_product} {ergonomic}
     bool UseCompressedOops                        = true                           {product lp64_product} {ergonomic}
     bool UseG1GC                                  = true                                      {product} {ergonomic}
     bool UseLargePagesIndividualAllocation        = false                                  {pd product} {ergonomic}

Logging:
Log output configuration:
 #0: stdout all=warning uptime,level,tags foldmultilines=false
 #1: stderr all=off uptime,level,tags foldmultilines=false

Environment Variables:
JAVA_HOME=C:\Users\user\Desktop\java\jdk-20
CLASSPATH=.;C:\Users\user\Desktop\java\jdk-20\lib\dt.jar;C:\Users\user\Desktop\java\jdk-20\lib\tools.jar
PATH=C:/Program Files/Java/jdk-18.0.1.1/bin/server;C:/Program Files/Java/jdk-18.0.1.1/bin;C:\apache-maven-3.8.5\bin;C:\Program Files\Java\jdk-18.0.1.1\bin;C:\Program Files\Java\jdk1.8.0_111\bin;C:\Program Files\Java\jdk1.8.0_111\jre\bin;C:\ProgramData\Oracle\Java\javapath;C:\Program Files\AdoptOpenJDK\jdk-11.0.10.9-hotspot\bin;C:\Program Files (x86)\Common Files\Oracle\Java\javapath;C:\Program Files\Common Files\Oracle\Java\javapath;C:\windows\system32;C:\windows;C:\windows\System32\Wbem;C:\windows\System32\WindowsPowerShell\v1.0\;C:\windows\System32\OpenSSH\;C:\Program Files (x86)\NVIDIA Corporation\PhysX\Common;C:\Program Files\NVIDIA Corporation\NVIDIA NvDLISR;C:\Program Files\TortoiseSVN\bin;C:\Program Files\TortoiseGit\bin;C:\Program Files\Git\cmd;D:\work\instantclient_19_12;C:\Users\nakas\AppData\Local\Programs\Python\Python39\Scripts\;C:\Users\nakas\AppData\Local\Programs\Python\Python39\;C:\Users\nakas\AppData\Local\Programs\Python\Python37\Scripts\;C:\Users\nakas\AppData\Local\Programs\Python\Python37\;C:\Program Files\MySQL;C:\tools\apache-maven-3.8.5\bin\bin;C:\Program Files\nodejs\;C:\WINDOWS\system32;C:\WINDOWS;C:\WINDOWS\System32\Wbem;C:\WINDOWS\System32\WindowsPowerShell\v1.0\;C:\WINDOWS\System32\OpenSSH\;%JAVA\HOME%\bin;C:\Program Files\MaySQL\MySQL Server 8.0\bin;C:\Program Files\MySQL\MySQL Shell 8.0\bin\;C:\Users\user\AppData\Local\Microsoft\WindowsApps;;C:\Users\user\AppData\Local\Programs\Microsoft VS Code\bin;C:\Users\user\eclipse\jee-2023-03\eclipse;
USERNAME=user
OS=Windows_NT
PROCESSOR_IDENTIFIER=Intel64 Family 6 Model 126 Stepping 5, GenuineIntel



---------------  S Y S T E M  ---------------

OS:
 Windows 11 , 64 bit Build 22621 (10.0.22621.1778)
OS uptime: 4 days 20:08 hours

CPU: total 8 (initial active 8) (4 cores per cpu, 2 threads per core) family 6 model 126 stepping 5 microcode 0x96, cx8, cmov, fxsr, ht, mmx, 3dnowpref, sse, sse2, sse3, ssse3, sse4.1, sse4.2, popcnt, lzcnt, tsc, tscinvbit, avx, avx2, aes, erms, clmul, bmi1, bmi2, adx, avx512f, avx512dq, avx512cd, avx512bw, avx512vl, sha, fma, vzeroupper, avx512_vpopcntdq, avx512_vpclmulqdq, avx512_vaes, avx512_vnni, clflush, clflushopt, avx512_vbmi2, avx512_vbmi

Memory: 4k page, system-wide physical 16161M (5702M free)
TotalPageFile size 25377M (AvailPageFile size 8010M)
current process WorkingSet (physical memory assigned to process): 314M, peak: 351M
current process commit charge ("private bytes"): 363M, peak: 446M

vm_info: Java HotSpot(TM) 64-Bit Server VM (18.0.1.1+2-6) for windows-amd64 JRE (18.0.1.1+2-6), built on Apr 25 2022 21:53:15 by "mach5one" with MS VC++ 16.8 / 16.9 (VS2019)

END.
